============================= test session starts =============================
platform win32 -- Python 3.12.14, pytest-9.1.1, pluggy-1.6.0 -- C:\Users\misarry\.cache\codex-runtimes\codex-primary-runtime\dependencies\python\python.exe
cachedir: .pytest_cache
rootdir: C:\Users\misarry\Documents\Codex\2026-09-25\referenced-chatgpt-conversation-this-is-an\work\variant_2
configfile: pytest.ini
testpaths: tests
collecting ... collected 17 items

tests/test_grades.py::test_real_average PASSED                           [  5%]
tests/test_grades.py::test_average_cases[2-2] PASSED                     [ 11%]
tests/test_grades.py::test_average_cases[5-5] PASSED                     [ 17%]
tests/test_grades.py::test_average_cases[2\n5-3.5] PASSED                [ 23%]
tests/test_grades.py::test_average_cases[4\n4\n4-4] PASSED               [ 29%]
tests/test_grades.py::test_bad_data[grade\n] PASSED                      [ 35%]
tests/test_grades.py::test_bad_data[score\n5] PASSED                     [ 41%]
tests/test_grades.py::test_bad_data[grade\nabc] PASSED                   [ 47%]
tests/test_grades.py::test_bad_data[grade\n1] PASSED                     [ 52%]
tests/test_grades.py::test_bad_data[grade\n6] PASSED                     [ 58%]
tests/test_grades.py::test_bad_data[grade\nnan] PASSED                   [ 64%]
tests/test_grades.py::test_bad_data[grade\ninf] PASSED                   [ 70%]
tests/test_grades.py::test_bad_data[student,grade\nAnna,] PASSED         [ 76%]
tests/test_superheroes.py::test_sorted_file PASSED                       [ 82%]
tests/test_superheroes.py::test_invalid_json_schema[data0] PASSED        [ 88%]
tests/test_superheroes.py::test_invalid_json_schema[data1] PASSED        [ 94%]
tests/test_superheroes.py::test_invalid_json_schema[data2] PASSED        [100%]

============================= 17 passed in 0.06s ==============================
